<?xml version="1.0" encoding="UTF-8"?>
<!-- Generated by org.testng.reporters.JUnitReportReporter -->
<testsuite hostname="DESKTOP-7KDE92H" failures="0" tests="36" name="com.test.ApiTestUser" time="16.385" errors="0" timestamp="2023-03-04T17:31:04 CET" skipped="0">
  <testcase classname="com.test.ApiTestUser" name="testDeleteUserByName" time="0.001"/>
  <system-out/>
  <testcase classname="com.test.ApiTestUser" name="testUpdateUserByName" time="0.647"/>
  <system-out/>
  <testcase classname="com.test.ApiTestUser" name="testCreateUsersArray" time="0.001"/>
  <system-out/>
  <testcase classname="com.test.ApiTestUser" name="testDeleteUserByName" time="0.001"/>
  <system-out/>
  <testcase classname="com.test.ApiTestUser" name="testUpdateUserByName" time="0.001"/>
  <system-out/>
  <testcase classname="com.test.ApiTestUser" name="testDeleteUserByName" time="0.658"/>
  <system-out/>
  <testcase classname="com.test.ApiTestUser" name="testDeleteUserByName" time="0.000"/>
  <system-out/>
  <testcase classname="com.test.ApiTestUser" name="testUpdateUserByName" time="0.002"/>
  <system-out/>
  <testcase classname="com.test.ApiTestUser" name="testUpdateUserByName" time="0.641"/>
  <system-out/>
  <testcase classname="com.test.ApiTestUser" name="testCreateUsersArray" time="0.731"/>
  <system-out/>
  <testcase classname="com.test.ApiTestUser" name="testCreateUsersArray" time="3.347"/>
  <system-out/>
  <testcase classname="com.test.ApiTestUser" name="testDeleteUserByName" time="0.001"/>
  <system-out/>
  <testcase classname="com.test.ApiTestUser" name="testUpdateUserByName" time="0.660"/>
  <system-out/>
  <testcase classname="com.test.ApiTestUser" name="testDeleteUserByName" time="0.655"/>
  <system-out/>
  <testcase classname="com.test.ApiTestUser" name="testUpdateUserByName" time="0.646"/>
  <system-out/>
  <testcase classname="com.test.ApiTestUser" name="testCreateUsersArray" time="0.001"/>
  <system-out/>
  <testcase classname="com.test.ApiTestUser" name="testGetUserByLogOut" time="0.648"/>
  <system-out/>
  <testcase classname="com.test.ApiTestUser" name="testGetUserByLogOut" time="0.668"/>
  <system-out/>
  <testcase classname="com.test.ApiTestUser" name="testGetUserByLogin" time="0.002"/>
  <system-out/>
  <testcase classname="com.test.ApiTestUser" name="testGetUserByLogin" time="0.661"/>
  <system-out/>
  <testcase classname="com.test.ApiTestUser" name="testGetUserByLogin" time="0.004"/>
  <system-out/>
  <testcase classname="com.test.ApiTestUser" name="testGetUserByLogin" time="0.683"/>
  <system-out/>
  <testcase classname="com.test.ApiTestUser" name="testGetUserByName" time="0.653"/>
  <system-out/>
  <testcase classname="com.test.ApiTestUser" name="testGetUserByName" time="0.618"/>
  <system-out/>
  <testcase classname="com.test.ApiTestUser" name="testGetUserByName" time="0.001"/>
  <system-out/>
  <testcase classname="com.test.ApiTestUser" name="testGetUserByName" time="1.059"/>
  <system-out/>
  <testcase classname="com.test.ApiTestUser" name="testGetUserByName" time="0.782"/>
  <system-out/>
  <testcase classname="com.test.ApiTestUser" name="testGetUserByName" time="0.001"/>
  <system-out/>
  <testcase classname="com.test.ApiTestUser" name="testCreateUsersList" time="0.001"/>
  <system-out/>
  <testcase classname="com.test.ApiTestUser" name="testCreateUsersList" time="0.002"/>
  <system-out/>
  <testcase classname="com.test.ApiTestUser" name="testCreateUser" time="0.001"/>
  <system-out/>
  <testcase classname="com.test.ApiTestUser" name="testCreateUser" time="0.669"/>
  <system-out/>
  <testcase classname="com.test.ApiTestUser" name="testCreateUser" time="0.653"/>
  <system-out/>
  <testcase classname="com.test.ApiTestUser" name="testCreateUser" time="0.001"/>
  <system-out/>
  <testcase classname="com.test.ApiTestUser" name="testCreateUsersList" time="0.632"/>
  <system-out/>
  <testcase classname="com.test.ApiTestUser" name="testCreateUsersList" time="0.653"/>
  <system-out/>
</testsuite> <!-- com.test.ApiTestUser -->
