<?xml version="1.0" encoding="UTF-8"?>
<!-- Generated by org.testng.reporters.JUnitReportReporter -->
<testsuite hostname="DESKTOP-7KDE92H" failures="0" tests="40" name="com.test.APITestPet" time="24.866" errors="0" timestamp="2023-03-04T17:31:04 CET" skipped="0">
  <testcase classname="com.test.APITestPet" name="testGetPetById" time="0.001"/>
  <system-out/>
  <testcase classname="com.test.APITestPet" name="testGetPetById" time="0.665"/>
  <system-out/>
  <testcase classname="com.test.APITestPet" name="testDeletePetById" time="0.604"/>
  <system-out/>
  <testcase classname="com.test.APITestPet" name="testDeletePetById" time="0.006"/>
  <system-out/>
  <testcase classname="com.test.APITestPet" name="testDeletePetById" time="0.634"/>
  <system-out/>
  <testcase classname="com.test.APITestPet" name="testCreatePetById" time="0.662"/>
  <system-out/>
  <testcase classname="com.test.APITestPet" name="testCreatePetByUploadedImg" time="0.643"/>
  <system-out/>
  <testcase classname="com.test.APITestPet" name="testDeletePetById" time="0.615"/>
  <system-out/>
  <testcase classname="com.test.APITestPet" name="testCreatePetById" time="0.630"/>
  <system-out/>
  <testcase classname="com.test.APITestPet" name="testGetPetByStatus" time="1.254"/>
  <system-out/>
  <testcase classname="com.test.APITestPet" name="testCreatePetById" time="0.628"/>
  <system-out/>
  <testcase classname="com.test.APITestPet" name="testGetPetByStatus" time="1.243"/>
  <system-out/>
  <testcase classname="com.test.APITestPet" name="testGetPetById" time="0.632"/>
  <system-out/>
  <testcase classname="com.test.APITestPet" name="testGetPetByStatus" time="1.225"/>
  <system-out/>
  <testcase classname="com.test.APITestPet" name="testDeletePetById" time="0.002"/>
  <system-out/>
  <testcase classname="com.test.APITestPet" name="testGetPetById" time="0.002"/>
  <system-out/>
  <testcase classname="com.test.APITestPet" name="testGetPetByStatus" time="1.680"/>
  <system-out/>
  <testcase classname="com.test.APITestPet" name="testCreatePetByUploadedImg" time="0.996"/>
  <system-out/>
  <testcase classname="com.test.APITestPet" name="testGetPetById" time="0.636"/>
  <system-out/>
  <testcase classname="com.test.APITestPet" name="testGetPetByStatus" time="1.243"/>
  <system-out/>
  <testcase classname="com.test.APITestPet" name="testCreatePetById" time="0.633"/>
  <system-out/>
  <testcase classname="com.test.APITestPet" name="testDeletePetById" time="0.621"/>
  <system-out/>
  <testcase classname="com.test.APITestPet" name="testGetPetByStatus" time="1.289"/>
  <system-out/>
  <testcase classname="com.test.APITestPet" name="testGetPetById" time="0.639"/>
  <system-out/>
  <testcase classname="com.test.APITestPet" name="testUpdatePet" time="0.002"/>
  <system-out/>
  <testcase classname="com.test.APITestPet" name="testUpdatePet" time="0.002"/>
  <system-out/>
  <testcase classname="com.test.APITestPet" name="testUpdatePet" time="0.003"/>
  <system-out/>
  <testcase classname="com.test.APITestPet" name="testUpdatePet" time="0.641"/>
  <system-out/>
  <testcase classname="com.test.APITestPet" name="testUpdatePet" time="0.646"/>
  <system-out/>
  <testcase classname="com.test.APITestPet" name="testUpdatePet" time="0.660"/>
  <system-out/>
  <testcase classname="com.test.APITestPet" name="testUpdatePet" time="0.663"/>
  <system-out/>
  <testcase classname="com.test.APITestPet" name="testUpdatePet" time="0.003"/>
  <system-out/>
  <testcase classname="com.test.APITestPet" name="testCreatePet" time="0.637"/>
  <system-out/>
  <testcase classname="com.test.APITestPet" name="testCreatePet" time="0.622"/>
  <system-out/>
  <testcase classname="com.test.APITestPet" name="testCreatePet" time="0.652"/>
  <system-out/>
  <testcase classname="com.test.APITestPet" name="testCreatePet" time="0.667"/>
  <system-out/>
  <testcase classname="com.test.APITestPet" name="testCreatePet" time="0.643"/>
  <system-out/>
  <testcase classname="com.test.APITestPet" name="testCreatePet" time="0.611"/>
  <system-out/>
  <testcase classname="com.test.APITestPet" name="testCreatePet" time="0.599"/>
  <system-out/>
  <testcase classname="com.test.APITestPet" name="testCreatePet" time="0.632"/>
  <system-out/>
</testsuite> <!-- com.test.APITestPet -->
