<?xml version="1.0" encoding="UTF-8"?>
<!-- Generated by org.testng.reporters.JUnitReportReporter -->
<testsuite hostname="DESKTOP-7KDE92H" failures="0" tests="17" name="com.test.ApiTestStore" time="8.339" errors="0" timestamp="2023-03-04T17:31:04 CET" skipped="0">
  <testcase classname="com.test.ApiTestStore" name="testGettingPetStoreOrderByID" time="0.649"/>
  <system-out/>
  <testcase classname="com.test.ApiTestStore" name="testDeletingPetStoreOrderByID" time="0.660"/>
  <system-out/>
  <testcase classname="com.test.ApiTestStore" name="testCreatingPetStoreOrder" time="0.629"/>
  <system-out/>
  <testcase classname="com.test.ApiTestStore" name="testCreatingPetStoreOrder" time="0.629"/>
  <system-out/>
  <testcase classname="com.test.ApiTestStore" name="testGettingPetStoreOrderByID" time="0.002"/>
  <system-out/>
  <testcase classname="com.test.ApiTestStore" name="testDeletingPetStoreOrderByID" time="0.631"/>
  <system-out/>
  <testcase classname="com.test.ApiTestStore" name="testGettingStoreInventory" time="0.641"/>
  <system-out/>
  <testcase classname="com.test.ApiTestStore" name="testCreatingPetStoreOrder" time="0.639"/>
  <system-out/>
  <testcase classname="com.test.ApiTestStore" name="testDeletingPetStoreOrderByID" time="0.646"/>
  <system-out/>
  <testcase classname="com.test.ApiTestStore" name="testGettingPetStoreOrderByID" time="0.001"/>
  <system-out/>
  <testcase classname="com.test.ApiTestStore" name="testGettingPetStoreOrderByID" time="0.649"/>
  <system-out/>
  <testcase classname="com.test.ApiTestStore" name="testCreatingPetStoreOrder" time="0.653"/>
  <system-out/>
  <testcase classname="com.test.ApiTestStore" name="testGettingPetStoreOrderByID" time="0.623"/>
  <system-out/>
  <testcase classname="com.test.ApiTestStore" name="testDeletingPetStoreOrderByID" time="0.651"/>
  <system-out/>
  <testcase classname="com.test.ApiTestStore" name="testGettingPetStoreOrderByID" time="0.630"/>
  <system-out/>
  <testcase classname="com.test.ApiTestStore" name="testDeletingPetStoreOrderByID" time="0.003"/>
  <system-out/>
  <testcase classname="com.test.ApiTestStore" name="testDeletingPetStoreOrderByID" time="0.003"/>
  <system-out/>
</testsuite> <!-- com.test.ApiTestStore -->
